2018-02-11 03:10:16,688 ERROR: Exception on /user/demo_acc_one [GET] 
 		 [in e:\python course\flask\pehlaflask\pehla_virtualenv\lib\site-packages\flask\app.py:1560]
Traceback (most recent call last):
  File "e:\python course\flask\pehlaflask\pehla_virtualenv\lib\site-packages\flask\app.py", line 1982, in wsgi_app
    response = self.full_dispatch_request()
  File "e:\python course\flask\pehlaflask\pehla_virtualenv\lib\site-packages\flask\app.py", line 1614, in full_dispatch_request
    rv = self.handle_user_exception(e)
  File "e:\python course\flask\pehlaflask\pehla_virtualenv\lib\site-packages\flask\app.py", line 1517, in handle_user_exception
    reraise(exc_type, exc_value, tb)
  File "e:\python course\flask\pehlaflask\pehla_virtualenv\lib\site-packages\flask\_compat.py", line 33, in reraise
    raise value
  File "e:\python course\flask\pehlaflask\pehla_virtualenv\lib\site-packages\flask\app.py", line 1612, in full_dispatch_request
    rv = self.dispatch_request()
  File "e:\python course\flask\pehlaflask\pehla_virtualenv\lib\site-packages\flask\app.py", line 1598, in dispatch_request
    return self.view_functions[rule.endpoint](**req.view_args)
  File "e:\python course\flask\pehlaflask\pehla_virtualenv\lib\site-packages\flask_login\utils.py", line 261, in decorated_view
    return func(*args, **kwargs)
  File "E:\Python Course\flask\pehlaFlask\app\routes.py", line 80, in user_profile
    page, app.config['POSTS_PER_PAGE'], False)
NameError: name 'app' is not defined
2018-02-11 03:11:12,445 INFO: Microblog startup 
 		 [in E:\Python Course\flask\pehlaFlask\app\__init__.py:49]
2018-02-11 03:13:23,619 INFO: Microblog startup 
 		 [in E:\Python Course\flask\pehlaFlask\app\__init__.py:49]
2018-02-11 21:46:43,737 INFO: Microblog startup 
 		 [in E:\Python Course\flask\pehlaFlask\app\__init__.py:49]
2018-02-11 21:47:32,822 INFO: Microblog startup 
 		 [in E:\Python Course\flask\pehlaFlask\app\__init__.py:49]
2018-02-11 21:48:46,500 INFO: Microblog startup 
 		 [in E:\Python Course\flask\pehlaFlask\app\__init__.py:49]
2018-02-11 21:49:03,396 INFO: Microblog startup 
 		 [in E:\Python Course\flask\pehlaFlask\app\__init__.py:49]
2018-02-11 22:36:34,951 INFO: Microblog startup 
 		 [in E:\Python Course\flask\pehlaFlask\app\__init__.py:49]
2018-02-11 22:56:41,218 INFO: Microblog startup 
 		 [in E:\Python Course\flask\pehlaFlask\app\__init__.py:49]
2018-02-11 22:56:51,451 INFO: Microblog startup 
 		 [in E:\Python Course\flask\pehlaFlask\app\__init__.py:49]
2018-02-11 23:18:48,191 INFO: Microblog startup 
 		 [in E:\Python Course\flask\pehlaFlask\app\__init__.py:49]
2018-02-11 23:19:41,929 INFO: Microblog startup 
 		 [in E:\Python Course\flask\pehlaFlask\app\__init__.py:49]
2018-02-11 23:20:26,116 INFO: Microblog startup 
 		 [in E:\Python Course\flask\pehlaFlask\app\__init__.py:49]
2018-02-11 23:20:57,318 INFO: Microblog startup 
 		 [in E:\Python Course\flask\pehlaFlask\app\__init__.py:49]
2018-02-11 23:21:43,002 INFO: Microblog startup 
 		 [in E:\Python Course\flask\pehlaFlask\app\__init__.py:49]
2018-02-11 23:22:51,920 INFO: Microblog startup 
 		 [in E:\Python Course\flask\pehlaFlask\app\__init__.py:49]
2018-02-11 23:24:10,420 INFO: Microblog startup 
 		 [in E:\Python Course\flask\pehlaFlask\app\__init__.py:49]
2018-02-11 23:24:44,824 INFO: Microblog startup 
 		 [in E:\Python Course\flask\pehlaFlask\app\__init__.py:49]
2018-02-11 23:25:57,294 INFO: Microblog startup 
 		 [in E:\Python Course\flask\pehlaFlask\app\__init__.py:49]
